reports/io-github-qdsfdhvh/1-8-0-to-1-10-0/run-26555921181/run-26555921181/phase1/before/shared/build/outputs/logs/manifest-merger-release-report.txt
-- Merging decision tree log ---
manifest
ADDED from ProcessLibraryManifest/release/tempAndroidManifest7050447575194463701.xml:2:13-83
INJECTED from ProcessLibraryManifest/release/tempAndroidManifest7050447575194463701.xml:2:13-83
	package
		INJECTED from ProcessLibraryManifest/release/tempAndroidManifest7050447575194463701.xml
	xmlns:android
		ADDED from ProcessLibraryManifest/release/tempAndroidManifest7050447575194463701.xml:2:23-81
uses-sdk
INJECTED from ProcessLibraryManifest/release/tempAndroidManifest7050447575194463701.xml reason: use-sdk injection requested
INJECTED from ProcessLibraryManifest/release/tempAndroidManifest7050447575194463701.xml
INJECTED from ProcessLibraryManifest/release/tempAndroidManifest7050447575194463701.xml
	android:targetSdkVersion
		INJECTED from ProcessLibraryManifest/release/tempAndroidManifest7050447575194463701.xml
	android:minSdkVersion
		INJECTED from ProcessLibraryManifest/release/tempAndroidManifest7050447575194463701.xml